Found 1222 files belonging to 5 classes.
Using 978 files for training.
2024-09-28 21:04:29.298235: I tensorflow/core/platform/cpu_feature_guard.cc:142] This TensorFlow binary is optimized with oneAPI Deep Neural Network Library (oneDNN) to use the following CPU instructions in performance-critical operations:  AVX AVX2
To enable them in other operations, rebuild TensorFlow with the appropriate compiler flags.
2024-09-28 21:04:29.627878: I tensorflow/core/common_runtime/gpu/gpu_device.cc:1510] Created device /job:localhost/replica:0/task:0/device:GPU:0 with 21654 
MB memory:  -> device: 0, name: NVIDIA GeForce RTX 3090, pci bus id: 0000:01:00.0, compute capability: 8.6
Found 1222 files belonging to 5 classes.
Using 244 files for validation.
2024-09-28 21:04:30.813779: I tensorflow/compiler/mlir/mlir_graph_optimization_pass.cc:185] None of the MLIR Optimization Passes are enabled (registered 2)
Epoch 1/121
2024-09-28 21:04:31.506660: I tensorflow/stream_executor/cuda/cuda_dnn.cc:369] Loaded cuDNN version 8100
2024-09-28 21:04:32.515871: I tensorflow/stream_executor/cuda/cuda_blas.cc:1760] TensorFloat-32 will be used for the matrix multiplication. This will only be logged once.
62/62 [==============================] - 3s 16ms/step - loss: 1.4794 - accuracy: 0.3783 - val_loss: 1.0632 - val_accuracy: 0.5410
Epoch 2/121
62/62 [==============================] - 1s 12ms/step - loss: 0.8997 - accuracy: 0.6339 - val_loss: 0.6734 - val_accuracy: 0.7377
Epoch 3/121
62/62 [==============================] - 1s 11ms/step - loss: 0.6154 - accuracy: 0.7526 - val_loss: 0.5168 - val_accuracy: 0.7869
Epoch 4/121
62/62 [==============================] - 1s 12ms/step - loss: 0.3929 - accuracy: 0.8466 - val_loss: 0.4273 - val_accuracy: 0.8074
Epoch 5/121
62/62 [==============================] - 1s 11ms/step - loss: 0.3141 - accuracy: 0.8896 - val_loss: 0.2380 - val_accuracy: 0.9180
Epoch 6/121
62/62 [==============================] - 1s 11ms/step - loss: 0.1632 - accuracy: 0.9397 - val_loss: 0.1692 - val_accuracy: 0.9303
Epoch 7/121
62/62 [==============================] - 1s 11ms/step - loss: 0.1422 - accuracy: 0.9540 - val_loss: 0.1361 - val_accuracy: 0.9467
Epoch 8/121
62/62 [==============================] - 1s 12ms/step - loss: 0.1154 - accuracy: 0.9560 - val_loss: 0.0945 - val_accuracy: 0.9754
Epoch 9/121
62/62 [==============================] - 1s 11ms/step - loss: 0.0927 - accuracy: 0.9611 - val_loss: 0.0950 - val_accuracy: 0.9672
Epoch 10/121
62/62 [==============================] - 1s 12ms/step - loss: 0.0769 - accuracy: 0.9744 - val_loss: 0.1008 - val_accuracy: 0.9672
Epoch 11/121
62/62 [==============================] - 1s 11ms/step - loss: 0.0685 - accuracy: 0.9816 - val_loss: 0.1059 - val_accuracy: 0.9631
Epoch 12/121
62/62 [==============================] - 1s 11ms/step - loss: 0.0547 - accuracy: 0.9816 - val_loss: 0.0864 - val_accuracy: 0.9631
Epoch 13/121
62/62 [==============================] - 1s 12ms/step - loss: 0.0330 - accuracy: 0.9888 - val_loss: 0.0910 - val_accuracy: 0.9754
Epoch 14/121
62/62 [==============================] - 1s 12ms/step - loss: 0.0377 - accuracy: 0.9898 - val_loss: 0.1015 - val_accuracy: 0.9590
Epoch 15/121
62/62 [==============================] - 1s 12ms/step - loss: 0.0395 - accuracy: 0.9888 - val_loss: 0.0798 - val_accuracy: 0.9672
Epoch 16/121
62/62 [==============================] - 1s 11ms/step - loss: 0.0289 - accuracy: 0.9928 - val_loss: 0.0442 - val_accuracy: 0.9836
Epoch 17/121
62/62 [==============================] - 1s 11ms/step - loss: 0.0213 - accuracy: 0.9928 - val_loss: 0.0868 - val_accuracy: 0.9754
Epoch 18/121
62/62 [==============================] - 1s 11ms/step - loss: 0.0198 - accuracy: 0.9918 - val_loss: 0.0941 - val_accuracy: 0.9672
Epoch 19/121
62/62 [==============================] - 1s 12ms/step - loss: 0.0215 - accuracy: 0.9928 - val_loss: 0.0635 - val_accuracy: 0.9877
Epoch 20/121
62/62 [==============================] - 1s 12ms/step - loss: 0.0118 - accuracy: 0.9980 - val_loss: 0.2116 - val_accuracy: 0.9467
Epoch 21/121
62/62 [==============================] - 1s 12ms/step - loss: 0.0160 - accuracy: 0.9939 - val_loss: 0.0705 - val_accuracy: 0.9672
Epoch 22/121
62/62 [==============================] - 1s 11ms/step - loss: 0.0165 - accuracy: 0.9949 - val_loss: 0.0663 - val_accuracy: 0.9713
Epoch 23/121
62/62 [==============================] - 1s 11ms/step - loss: 0.0133 - accuracy: 0.9949 - val_loss: 0.0635 - val_accuracy: 0.9631
Epoch 24/121
62/62 [==============================] - 1s 11ms/step - loss: 0.0081 - accuracy: 0.9969 - val_loss: 0.0679 - val_accuracy: 0.9672
Epoch 25/121
62/62 [==============================] - 1s 12ms/step - loss: 0.0224 - accuracy: 0.9959 - val_loss: 0.0761 - val_accuracy: 0.9631
Epoch 26/121
62/62 [==============================] - 1s 11ms/step - loss: 0.0100 - accuracy: 0.9980 - val_loss: 0.0572 - val_accuracy: 0.9754
Epoch 27/121
62/62 [==============================] - 1s 12ms/step - loss: 0.0185 - accuracy: 0.9959 - val_loss: 0.0689 - val_accuracy: 0.9713
Epoch 28/121
62/62 [==============================] - 1s 12ms/step - loss: 0.0200 - accuracy: 0.9918 - val_loss: 0.0809 - val_accuracy: 0.9672
Epoch 29/121
62/62 [==============================] - 1s 11ms/step - loss: 0.0061 - accuracy: 0.9980 - val_loss: 0.0902 - val_accuracy: 0.9672
Epoch 30/121
62/62 [==============================] - 1s 11ms/step - loss: 0.0096 - accuracy: 0.9959 - val_loss: 0.0820 - val_accuracy: 0.9713
Epoch 31/121
62/62 [==============================] - 1s 11ms/step - loss: 0.0057 - accuracy: 0.9980 - val_loss: 0.0667 - val_accuracy: 0.9672
Epoch 32/121
62/62 [==============================] - 1s 11ms/step - loss: 0.0034 - accuracy: 0.9990 - val_loss: 0.0952 - val_accuracy: 0.9713
Epoch 33/121
62/62 [==============================] - 1s 11ms/step - loss: 0.0035 - accuracy: 0.9990 - val_loss: 0.0684 - val_accuracy: 0.9754
Epoch 34/121
62/62 [==============================] - 1s 12ms/step - loss: 0.0044 - accuracy: 0.9980 - val_loss: 0.0708 - val_accuracy: 0.9713
Epoch 35/121
62/62 [==============================] - 1s 11ms/step - loss: 0.0025 - accuracy: 0.9990 - val_loss: 0.0788 - val_accuracy: 0.9713
Epoch 36/121
62/62 [==============================] - 1s 11ms/step - loss: 0.0025 - accuracy: 0.9990 - val_loss: 0.0664 - val_accuracy: 0.9713
Epoch 37/121
62/62 [==============================] - 1s 12ms/step - loss: 0.0029 - accuracy: 0.9980 - val_loss: 0.0621 - val_accuracy: 0.9795
Epoch 38/121
62/62 [==============================] - 1s 12ms/step - loss: 0.0037 - accuracy: 0.9980 - val_loss: 0.0635 - val_accuracy: 0.9795
Epoch 39/121
62/62 [==============================] - 1s 12ms/step - loss: 0.0051 - accuracy: 0.9969 - val_loss: 0.1209 - val_accuracy: 0.9590
Epoch 40/121
62/62 [==============================] - 1s 11ms/step - loss: 0.0139 - accuracy: 0.9949 - val_loss: 0.0825 - val_accuracy: 0.9754
Epoch 41/121
62/62 [==============================] - 1s 11ms/step - loss: 0.0118 - accuracy: 0.9949 - val_loss: 0.2040 - val_accuracy: 0.9467
Epoch 42/121
62/62 [==============================] - 1s 11ms/step - loss: 0.0148 - accuracy: 0.9949 - val_loss: 0.1230 - val_accuracy: 0.9631
Epoch 43/121
62/62 [==============================] - 1s 11ms/step - loss: 0.0144 - accuracy: 0.9949 - val_loss: 0.0808 - val_accuracy: 0.9795
Epoch 44/121
62/62 [==============================] - 1s 12ms/step - loss: 0.0049 - accuracy: 0.9980 - val_loss: 0.0688 - val_accuracy: 0.9713
Epoch 45/121
62/62 [==============================] - 1s 12ms/step - loss: 0.0171 - accuracy: 0.9959 - val_loss: 0.1185 - val_accuracy: 0.9508
Epoch 46/121
62/62 [==============================] - 1s 11ms/step - loss: 0.0070 - accuracy: 0.9990 - val_loss: 0.0799 - val_accuracy: 0.9754
Epoch 47/121
62/62 [==============================] - 1s 11ms/step - loss: 0.0061 - accuracy: 0.9969 - val_loss: 0.0915 - val_accuracy: 0.9672
Epoch 48/121
62/62 [==============================] - 1s 11ms/step - loss: 0.0035 - accuracy: 0.9980 - val_loss: 0.0900 - val_accuracy: 0.9672
Epoch 49/121
62/62 [==============================] - 1s 11ms/step - loss: 0.0020 - accuracy: 0.9990 - val_loss: 0.1048 - val_accuracy: 0.9754
Epoch 50/121
62/62 [==============================] - 1s 12ms/step - loss: 0.0038 - accuracy: 0.9980 - val_loss: 0.0700 - val_accuracy: 0.9754
Epoch 51/121
62/62 [==============================] - 1s 11ms/step - loss: 0.0065 - accuracy: 0.9959 - val_loss: 0.1487 - val_accuracy: 0.9508
Epoch 52/121
62/62 [==============================] - 1s 11ms/step - loss: 0.0036 - accuracy: 1.0000 - val_loss: 0.1028 - val_accuracy: 0.9672
Epoch 53/121
62/62 [==============================] - 1s 12ms/step - loss: 0.0017 - accuracy: 0.9990 - val_loss: 0.1295 - val_accuracy: 0.9672
Epoch 54/121
62/62 [==============================] - 1s 11ms/step - loss: 0.0105 - accuracy: 0.9990 - val_loss: 0.0698 - val_accuracy: 0.9795
Epoch 55/121
62/62 [==============================] - 1s 11ms/step - loss: 0.0038 - accuracy: 0.9980 - val_loss: 0.0741 - val_accuracy: 0.9836
Epoch 56/121
62/62 [==============================] - 1s 11ms/step - loss: 0.0020 - accuracy: 0.9990 - val_loss: 0.0884 - val_accuracy: 0.9754
Epoch 57/121
62/62 [==============================] - 1s 12ms/step - loss: 0.0029 - accuracy: 0.9980 - val_loss: 0.0914 - val_accuracy: 0.9795
Epoch 58/121
62/62 [==============================] - 1s 12ms/step - loss: 0.0033 - accuracy: 0.9980 - val_loss: 0.0917 - val_accuracy: 0.9754
Epoch 59/121
62/62 [==============================] - 1s 11ms/step - loss: 0.0016 - accuracy: 1.0000 - val_loss: 0.1129 - val_accuracy: 0.9713
Epoch 60/121
62/62 [==============================] - 1s 12ms/step - loss: 0.0019 - accuracy: 0.9980 - val_loss: 0.1126 - val_accuracy: 0.9795
Epoch 61/121
62/62 [==============================] - 1s 12ms/step - loss: 0.0018 - accuracy: 0.9990 - val_loss: 0.1174 - val_accuracy: 0.9836
Epoch 62/121
62/62 [==============================] - 1s 12ms/step - loss: 0.0023 - accuracy: 0.9990 - val_loss: 0.1043 - val_accuracy: 0.9836
Epoch 63/121
62/62 [==============================] - 1s 11ms/step - loss: 0.0019 - accuracy: 0.9980 - val_loss: 0.1062 - val_accuracy: 0.9795
Epoch 64/121
62/62 [==============================] - 1s 12ms/step - loss: 0.0019 - accuracy: 1.0000 - val_loss: 0.1102 - val_accuracy: 0.9713
Epoch 65/121
62/62 [==============================] - 1s 12ms/step - loss: 0.0017 - accuracy: 0.9980 - val_loss: 0.1178 - val_accuracy: 0.9754
Epoch 66/121
62/62 [==============================] - 1s 11ms/step - loss: 0.0024 - accuracy: 0.9980 - val_loss: 0.1124 - val_accuracy: 0.9672
Epoch 67/121
62/62 [==============================] - 1s 12ms/step - loss: 0.0028 - accuracy: 0.9990 - val_loss: 0.1606 - val_accuracy: 0.9549
Epoch 68/121
62/62 [==============================] - 1s 11ms/step - loss: 0.0813 - accuracy: 0.9765 - val_loss: 0.2421 - val_accuracy: 0.9426
Epoch 69/121
62/62 [==============================] - 1s 12ms/step - loss: 0.0542 - accuracy: 0.9826 - val_loss: 0.1555 - val_accuracy: 0.9631
Epoch 70/121
62/62 [==============================] - 1s 11ms/step - loss: 0.0436 - accuracy: 0.9836 - val_loss: 0.1128 - val_accuracy: 0.9631
Epoch 71/121
62/62 [==============================] - 1s 11ms/step - loss: 0.0183 - accuracy: 0.9949 - val_loss: 0.2087 - val_accuracy: 0.9713
Epoch 72/121
62/62 [==============================] - 1s 11ms/step - loss: 0.0067 - accuracy: 0.9969 - val_loss: 0.1497 - val_accuracy: 0.9549
Epoch 73/121
62/62 [==============================] - 1s 11ms/step - loss: 0.0105 - accuracy: 0.9959 - val_loss: 0.1487 - val_accuracy: 0.9590
Epoch 74/121
62/62 [==============================] - 1s 11ms/step - loss: 0.0038 - accuracy: 0.9980 - val_loss: 0.1597 - val_accuracy: 0.9672
Epoch 75/121
62/62 [==============================] - 1s 11ms/step - loss: 0.0059 - accuracy: 0.9969 - val_loss: 0.1402 - val_accuracy: 0.9631
Epoch 76/121
62/62 [==============================] - 1s 11ms/step - loss: 0.0102 - accuracy: 0.9980 - val_loss: 0.1575 - val_accuracy: 0.9713
Epoch 77/121
62/62 [==============================] - 1s 11ms/step - loss: 0.0023 - accuracy: 0.9990 - val_loss: 0.1815 - val_accuracy: 0.9672
Epoch 78/121
62/62 [==============================] - 1s 12ms/step - loss: 0.0024 - accuracy: 0.9980 - val_loss: 0.1610 - val_accuracy: 0.9672
Epoch 79/121
62/62 [==============================] - 1s 11ms/step - loss: 0.0020 - accuracy: 0.9990 - val_loss: 0.1636 - val_accuracy: 0.9672
Epoch 80/121
62/62 [==============================] - 1s 11ms/step - loss: 0.0019 - accuracy: 1.0000 - val_loss: 0.1772 - val_accuracy: 0.9672
Epoch 81/121
62/62 [==============================] - 1s 11ms/step - loss: 0.0033 - accuracy: 0.9980 - val_loss: 0.1869 - val_accuracy: 0.9631
Epoch 82/121
62/62 [==============================] - 1s 12ms/step - loss: 0.0048 - accuracy: 0.9980 - val_loss: 0.3018 - val_accuracy: 0.9467
Epoch 83/121
62/62 [==============================] - 1s 11ms/step - loss: 0.0147 - accuracy: 0.9959 - val_loss: 0.1806 - val_accuracy: 0.9590
Epoch 84/121
62/62 [==============================] - 1s 12ms/step - loss: 0.0021 - accuracy: 0.9990 - val_loss: 0.1819 - val_accuracy: 0.9590
Epoch 85/121
62/62 [==============================] - 1s 11ms/step - loss: 0.0016 - accuracy: 0.9990 - val_loss: 0.1836 - val_accuracy: 0.9631
Epoch 86/121
62/62 [==============================] - 1s 12ms/step - loss: 0.0020 - accuracy: 0.9980 - val_loss: 0.1969 - val_accuracy: 0.9631
Epoch 87/121
62/62 [==============================] - 1s 12ms/step - loss: 0.0022 - accuracy: 0.9990 - val_loss: 0.2169 - val_accuracy: 0.9631
Epoch 88/121
62/62 [==============================] - 1s 12ms/step - loss: 0.0023 - accuracy: 0.9990 - val_loss: 0.2055 - val_accuracy: 0.9631
Epoch 89/121
62/62 [==============================] - 1s 12ms/step - loss: 0.0020 - accuracy: 0.9980 - val_loss: 0.1984 - val_accuracy: 0.9631
Epoch 90/121
62/62 [==============================] - 1s 11ms/step - loss: 0.0015 - accuracy: 0.9990 - val_loss: 0.1949 - val_accuracy: 0.9713
Epoch 91/121
62/62 [==============================] - 1s 11ms/step - loss: 0.0017 - accuracy: 0.9990 - val_loss: 0.2181 - val_accuracy: 0.9590
Epoch 92/121
62/62 [==============================] - 1s 11ms/step - loss: 0.0043 - accuracy: 0.9980 - val_loss: 0.2073 - val_accuracy: 0.9672
Epoch 93/121
62/62 [==============================] - 1s 12ms/step - loss: 0.0027 - accuracy: 0.9990 - val_loss: 0.1883 - val_accuracy: 0.9590
Epoch 94/121
62/62 [==============================] - 1s 11ms/step - loss: 0.0019 - accuracy: 0.9990 - val_loss: 0.1765 - val_accuracy: 0.9631
Epoch 95/121
62/62 [==============================] - 1s 11ms/step - loss: 0.0018 - accuracy: 0.9990 - val_loss: 0.1798 - val_accuracy: 0.9590
Epoch 96/121
62/62 [==============================] - 1s 11ms/step - loss: 0.0013 - accuracy: 0.9990 - val_loss: 0.1915 - val_accuracy: 0.9508
Epoch 97/121
62/62 [==============================] - 1s 11ms/step - loss: 0.0027 - accuracy: 0.9990 - val_loss: 0.1698 - val_accuracy: 0.9631
Epoch 98/121
62/62 [==============================] - 1s 11ms/step - loss: 0.0071 - accuracy: 0.9959 - val_loss: 0.3655 - val_accuracy: 0.9262
Epoch 99/121
62/62 [==============================] - 1s 11ms/step - loss: 0.0510 - accuracy: 0.9836 - val_loss: 0.1768 - val_accuracy: 0.9385
Epoch 100/121
62/62 [==============================] - 1s 11ms/step - loss: 0.0170 - accuracy: 0.9928 - val_loss: 0.1196 - val_accuracy: 0.9795
Epoch 101/121
62/62 [==============================] - 1s 12ms/step - loss: 0.0099 - accuracy: 0.9969 - val_loss: 0.1489 - val_accuracy: 0.9754
Epoch 102/121
62/62 [==============================] - 1s 11ms/step - loss: 0.0311 - accuracy: 0.9928 - val_loss: 0.1844 - val_accuracy: 0.9631
Epoch 103/121
62/62 [==============================] - 1s 12ms/step - loss: 0.0702 - accuracy: 0.9796 - val_loss: 0.1333 - val_accuracy: 0.9672
Epoch 104/121
62/62 [==============================] - 1s 11ms/step - loss: 0.0310 - accuracy: 0.9918 - val_loss: 0.1696 - val_accuracy: 0.9713
Epoch 105/121
62/62 [==============================] - 1s 11ms/step - loss: 0.0025 - accuracy: 0.9990 - val_loss: 0.1752 - val_accuracy: 0.9713
Epoch 106/121
62/62 [==============================] - 1s 11ms/step - loss: 0.0164 - accuracy: 0.9959 - val_loss: 0.6108 - val_accuracy: 0.8566
Epoch 107/121
62/62 [==============================] - 1s 11ms/step - loss: 0.0172 - accuracy: 0.9918 - val_loss: 0.1534 - val_accuracy: 0.9631
Epoch 108/121
62/62 [==============================] - 1s 11ms/step - loss: 0.0298 - accuracy: 0.9908 - val_loss: 0.1996 - val_accuracy: 0.9672
Epoch 109/121
62/62 [==============================] - 1s 11ms/step - loss: 0.0087 - accuracy: 0.9949 - val_loss: 0.1601 - val_accuracy: 0.9713
Epoch 110/121
62/62 [==============================] - 1s 11ms/step - loss: 0.0016 - accuracy: 1.0000 - val_loss: 0.1579 - val_accuracy: 0.9672
Epoch 111/121
62/62 [==============================] - 1s 11ms/step - loss: 0.0013 - accuracy: 0.9990 - val_loss: 0.1646 - val_accuracy: 0.9713
Epoch 112/121
62/62 [==============================] - 1s 11ms/step - loss: 0.0016 - accuracy: 1.0000 - val_loss: 0.1518 - val_accuracy: 0.9754
Epoch 113/121
62/62 [==============================] - 1s 11ms/step - loss: 0.0022 - accuracy: 0.9980 - val_loss: 0.1491 - val_accuracy: 0.9672
Epoch 114/121
62/62 [==============================] - 1s 11ms/step - loss: 0.0026 - accuracy: 0.9990 - val_loss: 0.1461 - val_accuracy: 0.9754
Epoch 115/121
62/62 [==============================] - 1s 11ms/step - loss: 0.0012 - accuracy: 0.9990 - val_loss: 0.1475 - val_accuracy: 0.9713
Epoch 116/121
62/62 [==============================] - 1s 11ms/step - loss: 0.0012 - accuracy: 0.9990 - val_loss: 0.1614 - val_accuracy: 0.9672
Epoch 117/121
62/62 [==============================] - 1s 11ms/step - loss: 0.0032 - accuracy: 0.9980 - val_loss: 0.1602 - val_accuracy: 0.9713
Epoch 118/121
62/62 [==============================] - 1s 11ms/step - loss: 0.0028 - accuracy: 0.9980 - val_loss: 0.1627 - val_accuracy: 0.9713
Epoch 119/121
62/62 [==============================] - 1s 12ms/step - loss: 0.0016 - accuracy: 0.9980 - val_loss: 0.1618 - val_accuracy: 0.9713
Epoch 120/121
62/62 [==============================] - 1s 12ms/step - loss: 7.8209e-04 - accuracy: 1.0000 - val_loss: 0.1663 - val_accuracy: 0.9672
Epoch 121/121
62/62 [==============================] - 1s 11ms/step - loss: 0.0018 - accuracy: 0.9990 - val_loss: 0.1647 - val_accuracy: 0.9713
[[6.39738533e-13 5.17915500e-15 1.22336818e-09 1.00000000e+00
  1.93650740e-09]
 [3.85407513e-14 9.61647093e-15 1.12969478e-09 1.00000000e+00
  2.41284048e-10]
 [3.11506361e-15 5.03904491e-18 1.14342766e-13 1.00000000e+00
  9.30858168e-10]
 [1.14077681e-08 9.99999642e-01 4.06114253e-07 9.96537705e-13
  1.24141711e-10]
 [6.10282398e-12 2.90848762e-10 9.77073431e-01 2.29242817e-02
  2.35241077e-06]
 [3.79188417e-11 1.00000000e+00 8.53561319e-11 5.97639399e-18
  1.46837214e-13]
 [2.26938947e-16 1.58159933e-12 4.15300064e-13 8.51272552e-10
  1.00000000e+00]
 [1.11433876e-15 3.77644513e-11 1.00000000e+00 1.73118622e-08
  1.93214802e-11]
 [4.32894698e-09 9.99996781e-01 3.20844151e-06 1.52834090e-09
  1.29588604e-10]
 [1.27696952e-13 2.75312303e-12 1.88219374e-07 9.99997139e-01
  2.67866608e-06]
 [4.38776646e-16 2.10183200e-15 9.65702331e-14 7.11951609e-10
  1.00000000e+00]
 [1.08941095e-13 3.93767194e-16 1.46667525e-10 1.00000000e+00
  1.17740031e-08]
 [3.64928583e-25 5.73625925e-22 3.14069719e-20 7.61698189e-15
  1.00000000e+00]
 [6.31792280e-17 5.37506314e-15 1.27716319e-13 5.23503352e-10
  1.00000000e+00]
 [3.01786048e-14 1.56342800e-14 1.79861714e-13 1.00000000e+00
  2.26091118e-10]
 [6.56626757e-17 9.57609372e-15 1.09822455e-11 4.82646589e-10
  1.00000000e+00]]